2025-03-30 21:36:46,317 - DailyKnows - INFO - ============= 开始每日新闻处理流程 =============
2025-03-30 21:36:46,317 - DailyKnows - INFO - 当前处理日期: 20250330
2025-03-30 21:36:46,325 - DailyKnows - INFO - 开始执行第一财经新闻爬虫...
2025-03-30 21:36:52,315 - DailyKnows - INFO - 第一财经新闻爬虫执行成功，耗时 5.99 秒
2025-03-30 21:36:52,315 - DailyKnows - INFO - 开始执行人民日报新闻爬虫...
2025-03-30 21:36:57,201 - DailyKnows - INFO - 人民日报新闻爬虫执行成功，耗时 4.89 秒
2025-03-30 21:36:57,201 - DailyKnows - INFO - 开始执行新华网新闻爬虫...
2025-03-31 08:30:00,936 - DailyKnows - INFO - ============= 开始每日新闻处理流程 =============
2025-03-31 08:30:00,936 - DailyKnows - INFO - 当前处理日期: 20250331
2025-03-31 08:30:00,936 - DailyKnows - INFO - 开始执行第一财经新闻爬虫...
2025-03-31 08:31:14,766 - DailyKnows - INFO - 第一财经新闻爬虫执行成功，耗时 73.83 秒
2025-03-31 08:31:14,766 - DailyKnows - INFO - 开始执行人民日报新闻爬虫...
2025-03-31 08:31:26,211 - DailyKnows - INFO - 人民日报新闻爬虫执行成功，耗时 11.44 秒
2025-03-31 08:31:26,211 - DailyKnows - INFO - 开始执行新华网新闻爬虫...
2025-03-31 08:31:46,556 - DailyKnows - INFO - 新华网新闻爬虫执行成功，耗时 20.34 秒
2025-03-31 08:31:48,567 - DailyKnows - INFO - 开始执行新闻摘要生成...
2025-03-31 08:33:06,107 - DailyKnows - INFO - 新闻摘要生成执行成功，耗时 77.54 秒
2025-03-31 08:33:08,111 - DailyKnows - INFO - 开始执行新闻简报文档生成...
2025-03-31 08:33:09,237 - DailyKnows - INFO - 新闻简报文档生成执行成功，耗时 1.13 秒
2025-03-31 08:33:09,237 - DailyKnows - INFO - ============= 每日新闻处理流程完成 =============
2025-03-31 08:33:09,237 - DailyKnows - WARNING - 未找到期望的输出文件: 2025年03月31日 新闻简报.docx
2025-03-31 08:36:21,255 - DailyKnows - INFO - ============= 开始每日新闻处理流程 =============
2025-03-31 08:36:21,255 - DailyKnows - INFO - 当前处理日期: 20250331
2025-03-31 08:36:21,255 - DailyKnows - INFO - 开始执行第一财经新闻爬虫...
2025-03-31 08:36:24,821 - DailyKnows - INFO - 第一财经新闻爬虫执行成功，耗时 3.57 秒
2025-03-31 08:36:24,821 - DailyKnows - INFO - 开始执行人民日报新闻爬虫...
2025-03-31 08:36:54,022 - DailyKnows - INFO - ============= 开始每日新闻处理流程 =============
2025-03-31 08:36:54,022 - DailyKnows - INFO - 当前处理日期: 20250331
2025-03-31 08:36:54,022 - DailyKnows - INFO - 开始执行第一财经新闻爬虫...
2025-03-31 08:36:57,925 - DailyKnows - INFO - 第一财经新闻爬虫执行成功，耗时 3.90 秒
2025-03-31 08:36:57,925 - DailyKnows - INFO - 开始执行人民日报新闻爬虫...
2025-03-31 08:37:16,537 - DailyKnows - INFO - ============= 开始每日新闻处理流程 =============
2025-03-31 08:37:16,537 - DailyKnows - INFO - 当前处理日期: 20250331
2025-03-31 08:37:16,537 - DailyKnows - INFO - 开始执行新闻简报文档生成...
2025-03-31 08:37:17,179 - DailyKnows - INFO - 新闻简报文档生成执行成功，耗时 0.64 秒
2025-03-31 08:37:17,179 - DailyKnows - INFO - ============= 每日新闻处理流程完成 =============
2025-03-31 08:37:17,179 - DailyKnows - WARNING - 未找到期望的输出文件: 2025年03月31日 新闻简报.docx
2025-03-31 08:37:55,570 - DailyKnows - INFO - ============= 开始每日新闻处理流程 =============
2025-03-31 08:37:55,570 - DailyKnows - INFO - 当前处理日期: 20250331
2025-03-31 08:37:55,570 - DailyKnows - INFO - 开始执行新闻简报文档生成...
2025-03-31 08:37:56,305 - DailyKnows - INFO - 新闻简报文档生成执行成功，耗时 0.73 秒
2025-03-31 08:37:56,305 - DailyKnows - INFO - ============= 每日新闻处理流程完成 =============
2025-03-31 08:37:56,305 - DailyKnows - INFO - 生成的新闻简报文件: D:/pythonProject/DailyKnows/DailyReport/2025年03月31日 新闻简报.docx
2025-03-31 08:37:56,305 - DailyKnows - INFO - 处理完成，请查看新闻简报文档
2025-03-31 19:15:30,704 - DailyKnows - INFO - ============= 开始每日新闻处理流程 =============
2025-03-31 19:15:30,704 - DailyKnows - INFO - 当前处理日期: 20250331
2025-03-31 19:15:30,704 - DailyKnows - INFO - 开始执行第一财经新闻爬虫...
2025-03-31 19:16:47,596 - DailyKnows - INFO - 第一财经新闻爬虫执行成功，耗时 76.89 秒
2025-03-31 19:16:47,610 - DailyKnows - INFO - 开始执行人民日报新闻爬虫...
2025-03-31 19:16:58,957 - DailyKnows - INFO - 人民日报新闻爬虫执行成功，耗时 11.35 秒
2025-03-31 19:16:58,957 - DailyKnows - INFO - 开始执行新华网新闻爬虫...
2025-03-31 19:17:16,595 - DailyKnows - INFO - 新华网新闻爬虫执行成功，耗时 17.64 秒
2025-03-31 19:17:18,602 - DailyKnows - INFO - 开始执行新闻摘要生成...
2025-03-31 19:18:14,427 - DailyKnows - INFO - 新闻摘要生成执行成功，耗时 55.82 秒
2025-03-31 19:18:16,442 - DailyKnows - INFO - 开始执行新闻简报文档生成...
2025-03-31 19:18:17,218 - DailyKnows - INFO - 新闻简报文档生成执行成功，耗时 0.78 秒
2025-03-31 19:18:17,218 - DailyKnows - INFO - ============= 每日新闻处理流程完成 =============
2025-03-31 19:18:17,223 - DailyKnows - INFO - 生成的新闻简报文件: D:/pythonProject/DailyKnows/DailyReport/2025年03月31日 新闻简报.docx
2025-03-31 19:18:17,223 - DailyKnows - INFO - 处理完成，请查看新闻简报文档
2025-03-31 20:13:59,227 - DailyKnows - INFO - ============= 开始每日新闻处理流程 =============
2025-03-31 20:13:59,227 - DailyKnows - INFO - 当前处理日期: 20250331
2025-03-31 20:13:59,227 - DailyKnows - INFO - 开始执行第一财经新闻爬虫...
2025-03-31 20:15:06,448 - DailyKnows - INFO - 第一财经新闻爬虫执行成功，耗时 67.22 秒
2025-03-31 20:15:06,448 - DailyKnows - INFO - 开始执行人民日报新闻爬虫...
2025-03-31 20:15:17,758 - DailyKnows - INFO - 人民日报新闻爬虫执行成功，耗时 11.31 秒
2025-03-31 20:15:17,758 - DailyKnows - INFO - 开始执行新华网新闻爬虫...
2025-03-31 20:15:41,860 - DailyKnows - INFO - 新华网新闻爬虫执行成功，耗时 24.10 秒
2025-03-31 20:15:43,861 - DailyKnows - INFO - 开始执行新闻摘要生成...
2025-03-31 20:16:40,541 - DailyKnows - INFO - 新闻摘要生成执行成功，耗时 56.68 秒
2025-03-31 20:16:42,542 - DailyKnows - INFO - 开始执行新闻简报文档生成...
2025-03-31 20:16:43,174 - DailyKnows - INFO - 新闻简报文档生成执行成功，耗时 0.63 秒
2025-03-31 20:16:43,174 - DailyKnows - INFO - ============= 每日新闻处理流程完成 =============
2025-03-31 20:16:43,174 - DailyKnows - INFO - 生成的新闻简报文件: D:/pythonProject/DailyKnows/DailyReport/2025年03月31日 新闻简报.docx
2025-03-31 20:16:43,174 - DailyKnows - INFO - 处理完成，请查看新闻简报文档
2025-03-31 21:07:10,954 - DailyKnows - INFO - ============= 开始每日新闻处理流程 =============
2025-03-31 21:07:10,954 - DailyKnows - INFO - 当前处理日期: 20250331
2025-03-31 21:07:10,954 - DailyKnows - INFO - 开始执行第一财经新闻爬虫...
2025-03-31 21:09:37,831 - DailyKnows - INFO - 第一财经新闻爬虫执行成功，耗时 146.88 秒
2025-03-31 21:09:37,831 - DailyKnows - INFO - 开始执行人民日报新闻爬虫...
2025-03-31 21:09:49,099 - DailyKnows - INFO - 人民日报新闻爬虫执行成功，耗时 11.27 秒
2025-03-31 21:09:49,099 - DailyKnows - INFO - 开始执行新华网新闻爬虫...
2025-03-31 21:10:11,968 - DailyKnows - INFO - 新华网新闻爬虫执行成功，耗时 22.87 秒
2025-03-31 21:10:13,969 - DailyKnows - INFO - 开始执行新闻摘要生成...
2025-03-31 21:11:37,861 - DailyKnows - INFO - 新闻摘要生成执行成功，耗时 83.89 秒
2025-03-31 21:11:39,876 - DailyKnows - INFO - 开始执行新闻简报文档生成...
2025-03-31 21:11:40,782 - DailyKnows - INFO - 新闻简报文档生成执行成功，耗时 0.91 秒
2025-03-31 21:11:40,798 - DailyKnows - INFO - ============= 每日新闻处理流程完成 =============
2025-03-31 21:11:40,798 - DailyKnows - INFO - 生成的新闻简报文件: D:/pythonProject/DailyKnows/DailyReport/2025年03月31日 新闻简报.docx
2025-03-31 21:11:40,799 - DailyKnows - INFO - 处理完成，请查看新闻简报文档
